<?xml version="1.0" encoding="UTF-8"?>
<!-- Generated by org.testng.reporters.JUnitReportReporter -->
<testsuite hostname="admins-MacBook-Pro.local" failures="0" tests="2" name="BayBoonDailyReport.EmailReport" time="21.929" errors="0" timestamp="10 Dec 2021 13:23:46 GMT" skipped="0">
  <testcase classname="BayBoonDailyReport.EmailReport" name="test2" time="4.089"/>
  <testcase classname="BayBoonDailyReport.EmailReport" name="test1" time="17.840"/>
</testsuite> <!-- BayBoonDailyReport.EmailReport -->
