<?xml version="1.0" encoding="UTF-8"?>
<!-- Generated by org.testng.reporters.JUnitReportReporter -->
<testsuite hostname="admins-MacBook-Pro.local" failures="0" tests="2" name="TestMavenProject.BBEmailReport2" time="15.045" errors="0" timestamp="10 Dec 2021 11:46:06 GMT" skipped="0">
  <testcase classname="TestMavenProject.BBEmailReport2" name="test1" time="10.585"/>
  <testcase classname="TestMavenProject.BBEmailReport2" name="test2" time="4.460"/>
</testsuite> <!-- TestMavenProject.BBEmailReport2 -->
