<?xml version="1.0" encoding="UTF-8"?>
<!-- Generated by org.testng.reporters.JUnitReportReporter -->
<testsuite hostname="admins-MacBook-Pro.local" failures="0" tests="2" name="BayBoonDailyReport.EmailReport" time="15.750" errors="0" timestamp="10 Dec 2021 16:49:32 GMT" skipped="0">
  <testcase classname="BayBoonDailyReport.EmailReport" name="test2" time="4.569"/>
  <testcase classname="BayBoonDailyReport.EmailReport" name="test1" time="11.181"/>
</testsuite> <!-- BayBoonDailyReport.EmailReport -->
